* using log directory ‘/home/erik/Projects/framework/framework.Rcheck’
* using R version 4.5.2 (2025-10-31)
* using platform: x86_64-pc-linux-gnu
* R was compiled by
    gcc (GCC) 15.2.1 20251112
    GNU Fortran (GCC) 15.2.1 20251112
* running under: Arch Linux
* using session charset: UTF-8
* using option ‘--as-cran’
* checking for file ‘framework/DESCRIPTION’ ... OK
* checking extension type ... Package
* this is package ‘framework’ version ‘1.0.1’
* package encoding: UTF-8
* checking CRAN incoming feasibility ... NOTE
Maintainer: ‘Erik Westlund <erik@table1.org>’

New submission

Suggests or Enhances not in mainstream repositories:
  httpgd, qs
* checking package namespace information ... OK
* checking package dependencies ... INFO
Packages suggested but not available for checking:
  'arrow', 'aws.s3', 'aws.signature', 'cyclocomp', 'duckdb', 'httpgd',
  'odbc', 'pool', 'prismjs', 'qs', 'renv', 'RMariaDB', 'tm', 'writexl'
* checking if this is a source package ... OK
* checking if there is a namespace ... OK
* checking for executable files ... OK
* checking for hidden files and directories ... OK
* checking for portable file names ... OK
* checking for sufficient/correct file permissions ... OK
* checking whether package ‘framework’ can be installed ... OK
* checking installed package size ... INFO
  installed size is 13.7Mb
  sub-directories of 1Mb or more:
    gui  12.3Mb
* checking package directory ... OK
* checking for future file timestamps ... OK
* checking DESCRIPTION meta-information ... OK
* checking top-level files ... NOTE
Files ‘README.md’ or ‘NEWS.md’ cannot be checked without ‘pandoc’ being installed.
* checking for left-over files ... OK
* checking index information ... OK
* checking package subdirectories ... OK
* checking code files for non-ASCII characters ... OK
* checking R files for syntax errors ... OK
* checking whether the package can be loaded ... OK
* checking whether the package can be loaded with stated dependencies ... OK
* checking whether the package can be unloaded cleanly ... OK
* checking whether the namespace can be loaded with stated dependencies ... OK
* checking whether the namespace can be unloaded cleanly ... OK
* checking loading without being on the library search path ... OK
* checking whether startup messages can be suppressed ... OK
* checking use of S3 registration ... OK
* checking dependencies in R code ... OK
* checking S3 generic/method consistency ... OK
* checking replacement functions ... OK
* checking foreign function calls ... OK
* checking R code for possible problems ... OK
* checking Rd files ... OK
* checking Rd metadata ... OK
* checking Rd line widths ... OK
* checking Rd cross-references ... OK
* checking for missing documentation entries ... OK
* checking for code/documentation mismatches ... OK
* checking Rd \usage sections ... OK
* checking Rd contents ... OK
* checking for unstated dependencies in examples ... OK
* checking examples ... OK
* checking for unstated dependencies in ‘tests’ ... OK
* checking tests ... OK
  Running ‘testthat.R’
* checking PDF version of manual ... OK
* checking HTML version of manual ... NOTE
Skipping checking HTML validation: no command 'tidy' found.
Please obtain a recent version of HTML Tidy by downloading a binary
release or compiling the source code from <https://www.html-tidy.org/>.
* checking for non-standard things in the check directory ... OK
* checking for detritus in the temp directory ... OK
* DONE
Status: 3 NOTEs
