This is pdfTeX, Version 3.141592653-2.6-1.40.27 (TeX Live 2026/dev/Arch Linux) (preloaded format=pdflatex 2026.1.9)  4 FEB 2026 13:46
entering extended mode
 restricted \write18 enabled.
 %&-line parsing enabled.
**\input ./Rd2.tex \input ./Rd2.tex \input ./Rd2.tex
(./Rd2.tex
(/usr/share/texmf-dist/tex/latex/base/book.cls
Document Class: book 2024/06/29 v1.4n Standard LaTeX document class
(/usr/share/texmf-dist/tex/latex/base/bk10.clo
File: bk10.clo 2024/06/29 v1.4n Standard LaTeX file (size option)
)
\c@part=\count196
\c@chapter=\count197
\c@section=\count198
\c@subsection=\count199
\c@subsubsection=\count266
\c@paragraph=\count267
\c@subparagraph=\count268
\c@figure=\count269
\c@table=\count270
\abovecaptionskip=\skip49
\belowcaptionskip=\skip50
\bibindent=\dimen141
)
(/usr/share/texmf/tex/latex/Rd.sty
Package: Rd 

(/usr/share/texmf-dist/tex/latex/base/ifthen.sty
Package: ifthen 2024/03/16 v1.1e Standard LaTeX ifthen package (DPC)
)
(/usr/share/texmf-dist/tex/generic/iftex/iftex.sty
Package: iftex 2024/12/12 v1.0g TeX engine tests
)
(/usr/share/texmf-dist/tex/latex/tools/longtable.sty
Package: longtable 2024-10-27 v4.22 Multi-page Table package (DPC)
\LTleft=\skip51
\LTright=\skip52
\LTpre=\skip53
\LTpost=\skip54
\LTchunksize=\count271
\LTcapwidth=\dimen142
\LT@head=\box52
\LT@firsthead=\box53
\LT@foot=\box54
\LT@lastfoot=\box55
\LT@gbox=\box56
\LT@cols=\count272
\LT@rows=\count273
\c@LT@tables=\count274
\c@LT@chunks=\count275
\LT@p@ftn=\toks17
)
(/usr/share/texmf-dist/tex/latex/tools/bm.sty
Package: bm 2023/12/19 v1.2f Bold Symbol Support (DPC/FMi)
\symboldoperators=\mathgroup4
\symboldletters=\mathgroup5
\symboldsymbols=\mathgroup6
Package bm Info: No bold for \OMX/cmex/m/n, using \pmb.
LaTeX Font Info:    Redeclaring math alphabet \mathbf on input line 149.
)
(/usr/share/texmf-dist/tex/latex/base/alltt.sty
Package: alltt 2024/07/07 v2.0g defines alltt environment
)
(/usr/share/texmf-dist/tex/latex/tools/verbatim.sty
Package: verbatim 2024-01-22 v1.5x LaTeX2e package for verbatim enhancements
\every@verbatim=\toks18
\verbatim@line=\toks19
\verbatim@in@stream=\read2
)
(/usr/share/texmf-dist/tex/latex/url/url.sty
\Urlmuskip=\muskip17
Package: url 2013/09/16  ver 3.4  Verb mode for urls, etc.
)
(/usr/share/texmf-dist/tex/latex/base/textcomp.sty
Package: textcomp 2024/04/24 v2.1b Standard LaTeX package
)
(/usr/share/texmf-dist/tex/latex/amsmath/amsmath.sty
Package: amsmath 2024/11/05 v2.17t AMS math features
\@mathmargin=\skip55

For additional information on amsmath, use the `?' option.
(/usr/share/texmf-dist/tex/latex/amsmath/amstext.sty
Package: amstext 2021/08/26 v2.01 AMS text

(/usr/share/texmf-dist/tex/latex/amsmath/amsgen.sty
File: amsgen.sty 1999/11/30 v2.0 generic functions
\@emptytoks=\toks20
\ex@=\dimen143
))
(/usr/share/texmf-dist/tex/latex/amsmath/amsbsy.sty
Package: amsbsy 1999/11/29 v1.2d Bold Symbols
LaTeX Info: Redefining \boldsymbol on input line 28.
\pmbraise@=\dimen144
)
(/usr/share/texmf-dist/tex/latex/amsmath/amsopn.sty
Package: amsopn 2022/04/08 v2.04 operator names
)
\inf@bad=\count276
LaTeX Info: Redefining \frac on input line 233.
\uproot@=\count277
\leftroot@=\count278
LaTeX Info: Redefining \overline on input line 398.
LaTeX Info: Redefining \colon on input line 409.
\classnum@=\count279
\DOTSCASE@=\count280
LaTeX Info: Redefining \ldots on input line 495.
LaTeX Info: Redefining \dots on input line 498.
LaTeX Info: Redefining \cdots on input line 619.
\Mathstrutbox@=\box57
\strutbox@=\box58
LaTeX Info: Redefining \big on input line 721.
LaTeX Info: Redefining \Big on input line 722.
LaTeX Info: Redefining \bigg on input line 723.
LaTeX Info: Redefining \Bigg on input line 724.
\big@size=\dimen145
LaTeX Font Info:    Redeclaring font encoding OML on input line 742.
LaTeX Font Info:    Redeclaring font encoding OMS on input line 743.
\macc@depth=\count281
LaTeX Info: Redefining \bmod on input line 904.
LaTeX Info: Redefining \pmod on input line 909.
LaTeX Info: Redefining \smash on input line 939.
LaTeX Info: Redefining \relbar on input line 969.
LaTeX Info: Redefining \Relbar on input line 970.
\c@MaxMatrixCols=\count282
\dotsspace@=\muskip18
\c@parentequation=\count283
\dspbrk@lvl=\count284
\tag@help=\toks21
\row@=\count285
\column@=\count286
\maxfields@=\count287
\andhelp@=\toks22
\eqnshift@=\dimen146
\alignsep@=\dimen147
\tagshift@=\dimen148
\tagwidth@=\dimen149
\totwidth@=\dimen150
\lineht@=\dimen151
\@envbody=\toks23
\multlinegap=\skip56
\multlinetaggap=\skip57
\mathdisplay@stack=\toks24
LaTeX Info: Redefining \[ on input line 2953.
LaTeX Info: Redefining \] on input line 2954.
)
(/usr/share/texmf-dist/tex/latex/amsfonts/amsfonts.sty
Package: amsfonts 2013/01/14 v3.01 Basic AMSFonts support
\symAMSa=\mathgroup7
\symAMSb=\mathgroup8
LaTeX Font Info:    Redeclaring math symbol \hbar on input line 98.
LaTeX Font Info:    Overwriting math alphabet `\mathfrak' in version `bold'
(Font)                  U/euf/m/n --> U/euf/b/n on input line 106.
)
(/usr/share/texmf-dist/tex/latex/amsfonts/amssymb.sty
Package: amssymb 2013/01/14 v3.01 AMS font symbols
)
(/usr/share/texmf-dist/tex/latex/jknapltx/mathrsfs.sty
Package: mathrsfs 1996/01/01 Math RSFS package v1.0 (jk)
\symrsfs=\mathgroup9
)
\ldescriptionwidth=\skip58

(/usr/share/texmf-dist/tex/latex/base/fontenc.sty
Package: fontenc 2021/04/29 v2.0v Standard LaTeX package
)
(/usr/share/texmf-dist/tex/latex/psnfss/times.sty
Package: times 2020/03/25 PSNFSS-v9.3 (SPQR) 
)
(/usr/share/texmf-dist/tex/latex/graphics/color.sty
Package: color 2024/06/23 v1.3e Standard LaTeX Color (DPC)

(/usr/share/texmf-dist/tex/latex/graphics-cfg/color.cfg
File: color.cfg 2016/01/02 v1.6 sample color configuration
)
Package color Info: Driver file: pdftex.def on input line 149.

(/usr/share/texmf-dist/tex/latex/graphics-def/pdftex.def
File: pdftex.def 2024/04/13 v1.2c Graphics/color driver for pdftex
)
(/usr/share/texmf-dist/tex/latex/graphics/mathcolor.ltx))
(/usr/share/texmf-dist/tex/latex/hyperref/hyperref.sty
Package: hyperref 2024-11-05 v7.01l Hypertext links for LaTeX

(/usr/share/texmf-dist/tex/latex/graphics/keyval.sty
Package: keyval 2022/05/29 v1.15 key=value parser (DPC)
\KV@toks@=\toks25
)
(/usr/share/texmf-dist/tex/latex/kvsetkeys/kvsetkeys.sty
Package: kvsetkeys 2022-10-05 v1.19 Key value parser (HO)
)
(/usr/share/texmf-dist/tex/generic/kvdefinekeys/kvdefinekeys.sty
Package: kvdefinekeys 2019-12-19 v1.6 Define keys (HO)
)
(/usr/share/texmf-dist/tex/generic/pdfescape/pdfescape.sty
Package: pdfescape 2019/12/09 v1.15 Implements pdfTeX's escape features (HO)

(/usr/share/texmf-dist/tex/generic/ltxcmds/ltxcmds.sty
Package: ltxcmds 2023-12-04 v1.26 LaTeX kernel commands for general use (HO)
)
(/usr/share/texmf-dist/tex/generic/pdftexcmds/pdftexcmds.sty
Package: pdftexcmds 2020-06-27 v0.33 Utility functions of pdfTeX for LuaTeX (HO
)

(/usr/share/texmf-dist/tex/generic/infwarerr/infwarerr.sty
Package: infwarerr 2019/12/03 v1.5 Providing info/warning/error messages (HO)
)
Package pdftexcmds Info: \pdf@primitive is available.
Package pdftexcmds Info: \pdf@ifprimitive is available.
Package pdftexcmds Info: \pdfdraftmode found.
))
(/usr/share/texmf-dist/tex/latex/hycolor/hycolor.sty
Package: hycolor 2020-01-27 v1.10 Color options for hyperref/bookmark (HO)
)
(/usr/share/texmf-dist/tex/latex/hyperref/nameref.sty
Package: nameref 2023-11-26 v2.56 Cross-referencing by name of section

(/usr/share/texmf-dist/tex/latex/refcount/refcount.sty
Package: refcount 2019/12/15 v3.6 Data extraction from label references (HO)
)
(/usr/share/texmf-dist/tex/generic/gettitlestring/gettitlestring.sty
Package: gettitlestring 2019/12/15 v1.6 Cleanup title references (HO)

(/usr/share/texmf-dist/tex/latex/kvoptions/kvoptions.sty
Package: kvoptions 2022-06-15 v3.15 Key value format for package options (HO)
))
\c@section@level=\count288
)
(/usr/share/texmf-dist/tex/latex/etoolbox/etoolbox.sty
Package: etoolbox 2025/02/11 v2.5l e-TeX tools for LaTeX (JAW)
\etb@tempcnta=\count289
)
(/usr/share/texmf-dist/tex/generic/stringenc/stringenc.sty
Package: stringenc 2019/11/29 v1.12 Convert strings between diff. encodings (HO
)
)
\@linkdim=\dimen152
\Hy@linkcounter=\count290
\Hy@pagecounter=\count291

(/usr/share/texmf-dist/tex/latex/hyperref/pd1enc.def
File: pd1enc.def 2024-11-05 v7.01l Hyperref: PDFDocEncoding definition (HO)
Now handling font encoding PD1 ...
... no UTF-8 mapping file for font encoding PD1
)
(/usr/share/texmf-dist/tex/generic/intcalc/intcalc.sty
Package: intcalc 2019/12/15 v1.3 Expandable calculations with integers (HO)
)
\Hy@SavedSpaceFactor=\count292

(/usr/share/texmf-dist/tex/latex/hyperref/puenc.def
File: puenc.def 2024-11-05 v7.01l Hyperref: PDF Unicode definition (HO)
Now handling font encoding PU ...
... no UTF-8 mapping file for font encoding PU
)
Package hyperref Info: Hyper figures OFF on input line 4157.
Package hyperref Info: Link nesting OFF on input line 4162.
Package hyperref Info: Hyper index ON on input line 4165.
Package hyperref Info: Plain pages OFF on input line 4172.
Package hyperref Info: Backreferencing OFF on input line 4177.
Package hyperref Info: Implicit mode ON; LaTeX internals redefined.
Package hyperref Info: Bookmarks ON on input line 4424.
\c@Hy@tempcnt=\count293
LaTeX Info: Redefining \url on input line 4763.
\XeTeXLinkMargin=\dimen153

(/usr/share/texmf-dist/tex/generic/bitset/bitset.sty
Package: bitset 2019/12/09 v1.3 Handle bit-vector datatype (HO)

(/usr/share/texmf-dist/tex/generic/bigintcalc/bigintcalc.sty
Package: bigintcalc 2019/12/15 v1.5 Expandable calculations on big integers (HO
)
))
\Fld@menulength=\count294
\Field@Width=\dimen154
\Fld@charsize=\dimen155
Package hyperref Info: Hyper figures OFF on input line 6042.
Package hyperref Info: Link nesting OFF on input line 6047.
Package hyperref Info: Hyper index ON on input line 6050.
Package hyperref Info: backreferencing OFF on input line 6057.
Package hyperref Info: Link coloring OFF on input line 6062.
Package hyperref Info: Link coloring with OCG OFF on input line 6067.
Package hyperref Info: PDF/A mode OFF on input line 6072.

(/usr/share/texmf-dist/tex/latex/base/atbegshi-ltx.sty
Package: atbegshi-ltx 2021/01/10 v1.0c Emulation of the original atbegshi
package with kernel methods
)
\Hy@abspage=\count295
\c@Item=\count296
\c@Hfootnote=\count297
)
Package hyperref Info: Driver (autodetected): hpdftex.

(/usr/share/texmf-dist/tex/latex/hyperref/hpdftex.def
File: hpdftex.def 2024-11-05 v7.01l Hyperref driver for pdfTeX

(/usr/share/texmf-dist/tex/latex/base/atveryend-ltx.sty
Package: atveryend-ltx 2020/08/19 v1.0a Emulation of the original atveryend pac
kage
with kernel methods
)
\Fld@listcount=\count298
\c@bookmark@seq@number=\count299

(/usr/share/texmf-dist/tex/latex/rerunfilecheck/rerunfilecheck.sty
Package: rerunfilecheck 2022-07-10 v1.10 Rerun checks for auxiliary files (HO)

(/usr/share/texmf-dist/tex/generic/uniquecounter/uniquecounter.sty
Package: uniquecounter 2019/12/15 v1.4 Provide unlimited unique counter (HO)
)
Package uniquecounter Info: New unique counter `rerunfilecheck' on input line 2
85.
)
\Hy@SectionHShift=\skip59
)
Package hyperref Info: Option `colorlinks' set `true' on input line 413.
Package hyperref Info: Option `linktocpage' set `true' on input line 413.
Package hyperref Info: Option `plainpages' set `false' on input line 413.
)
(/usr/share/texmf-dist/tex/latex/base/makeidx.sty
Package: makeidx 2021/10/04 v1.0m Standard LaTeX package
)
\@indexfile=\write3
\openout3 = `Rd2.idx'.


Writing index file Rd2.idx
LaTeX Font Info:    Trying to load font information for T1+ptm on input line 8.

(/usr/share/texmf-dist/tex/latex/psnfss/t1ptm.fd
File: t1ptm.fd 2001/06/04 font definitions for T1/ptm.
)
(/usr/share/texmf-dist/tex/latex/l3backend/l3backend-pdftex.def
File: l3backend-pdftex.def 2024-05-08 L3 backend support: PDF output (pdfTeX)
\l__color_backend_stack_int=\count300
\l__pdf_internal_box=\box59
)
(/tmp/Rtmpq0KSI8/Rd2pdf3b491c6c33df2d/Rd2.aux)
\openout1 = `Rd2.aux'.

LaTeX Font Info:    Checking defaults for OML/cmm/m/it on input line 8.
LaTeX Font Info:    ... okay on input line 8.
LaTeX Font Info:    Checking defaults for OMS/cmsy/m/n on input line 8.
LaTeX Font Info:    ... okay on input line 8.
LaTeX Font Info:    Checking defaults for OT1/cmr/m/n on input line 8.
LaTeX Font Info:    ... okay on input line 8.
LaTeX Font Info:    Checking defaults for T1/cmr/m/n on input line 8.
LaTeX Font Info:    ... okay on input line 8.
LaTeX Font Info:    Checking defaults for TS1/cmr/m/n on input line 8.
LaTeX Font Info:    ... okay on input line 8.
LaTeX Font Info:    Checking defaults for OMX/cmex/m/n on input line 8.
LaTeX Font Info:    ... okay on input line 8.
LaTeX Font Info:    Checking defaults for U/cmr/m/n on input line 8.
LaTeX Font Info:    ... okay on input line 8.
LaTeX Font Info:    Checking defaults for PD1/pdf/m/n on input line 8.
LaTeX Font Info:    ... okay on input line 8.
LaTeX Font Info:    Checking defaults for PU/pdf/m/n on input line 8.
LaTeX Font Info:    ... okay on input line 8.

(/usr/share/texmf-dist/tex/context/base/mkii/supp-pdf.mkii
[Loading MPS to PDF converter (version 2006.09.02).]
\scratchcounter=\count301
\scratchdimen=\dimen156
\scratchbox=\box60
\nofMPsegments=\count302
\nofMParguments=\count303
\everyMPshowfont=\toks26
\MPscratchCnt=\count304
\MPscratchDim=\dimen157
\MPnumerator=\count305
\makeMPintoPDFobject=\count306
\everyMPtoPDFconversion=\toks27
)
Package hyperref Info: Link coloring ON on input line 8.
 (/tmp/Rtmpq0KSI8/Rd2pdf3b491c6c33df2d/Rd2.out)
(/tmp/Rtmpq0KSI8/Rd2pdf3b491c6c33df2d/Rd2.out)
\@outlinefile=\write4
\openout4 = `Rd2.out'.

LaTeX Font Info:    Trying to load font information for T1+pcr on input line 21
.

(/usr/share/texmf-dist/tex/latex/psnfss/t1pcr.fd
File: t1pcr.fd 2001/06/04 font definitions for T1/pcr.
)
LaTeX Font Info:    Trying to load font information for U+msa on input line 26.


(/usr/share/texmf-dist/tex/latex/amsfonts/umsa.fd
File: umsa.fd 2013/01/14 v3.01 AMS symbols A
)
LaTeX Font Info:    Trying to load font information for U+msb on input line 26.


(/usr/share/texmf-dist/tex/latex/amsfonts/umsb.fd
File: umsb.fd 2013/01/14 v3.01 AMS symbols B
)
LaTeX Font Info:    Trying to load font information for U+rsfs on input line 26
.

(/usr/share/texmf-dist/tex/latex/jknapltx/ursfs.fd
File: ursfs.fd 1998/03/24 rsfs font definition file (jk)
)
LaTeX Info: Symbol \textasciigrave not provided by
            font family ptm in TS1 encoding.
            Default family used instead on input line 30.
LaTeX Info: Symbol \textasciigrave not provided by
            font family ptm in TS1 encoding.
            Default family used instead on input line 30.
LaTeX Font Info:    Trying to load font information for TS1+ptm on input line 3
0.

(/usr/share/texmf-dist/tex/latex/psnfss/ts1ptm.fd
File: ts1ptm.fd 2001/06/04 font definitions for TS1/ptm.
)
LaTeX Info: Symbol \textasciigrave not provided by
            font family ptm in TS1 encoding.
            Default family used instead on input line 30.
LaTeX Info: Symbol \textasciigrave not provided by
            font family ptm in TS1 encoding.
            Default family used instead on input line 30.
LaTeX Info: Symbol \textasciigrave not provided by
            font family ptm in TS1 encoding.
            Default family used instead on input line 30.
LaTeX Info: Symbol \textasciigrave not provided by
            font family ptm in TS1 encoding.
            Default family used instead on input line 30.

(/tmp/Rtmpq0KSI8/Rd2pdf3b491c6c33df2d/Rd2.toc

[1


{/var/lib/texmf/fonts/map/pdftex/updmap/pdftex.map}{/usr/share/texmf-dist/fonts
/enc/dvips/base/8r.enc}{/usr/share/texmf-dist/fonts/enc/dvips/cm-super/cm-super
-ts1.enc}]

[2]

[3]

[4]

[5]

[6])
\tf@toc=\write5
\openout5 = `Rd2.toc'.



[7]

[8]

[9]

[10]

[11]

[12]

[13]

[14]

[15]

[16]
Overfull \hbox (0.78088pt too wide) in paragraph at lines 546--546
 []\T1/pcr/m/n/10 .create_ai_files(project_dir, assistants, canonical_content, 
type) 
 []



[17]
Overfull \hbox (1.53706pt too wide) in paragraph at lines 576--577
[]\T1/ptm/m/n/10 Project type for tem-plate se-lec-tion ("project", "project_se
nsitive", "course", "pre-
 []


Overfull \hbox (66.78088pt too wide) in paragraph at lines 600--600
 []\T1/pcr/m/n/10 .create_config_file(type = "analysis", attach_defaults = TRUE
, subdir = NULL) 
 []



[18]
Overfull \hbox (6.78088pt too wide) in paragraph at lines 658--658
 []\T1/pcr/m/n/10 .create_ide_configs(project_name, target_dir = ".", python = 
FALSE) 
 []



[19]

[20]

[21]

[22]

[23]

[24]
Overfull \hbox (36.78088pt too wide) in paragraph at lines 922--922
 []\T1/pcr/m/n/10 .create_vscode_workspace(project_name, target_dir = ".", pyth
on = FALSE) 
 []



[25]

[26]

[27]
Overfull \hbox (60.78088pt too wide) in paragraph at lines 1052--1052
 []\T1/pcr/m/n/10 .display_next_steps(project_name = NULL, type = "project", us
e_renv = FALSE) 
 []



[28]

[29]

[30]

[31]

[32]

[33]

[34]

[35]
Overfull \hbox (42.78088pt too wide) in paragraph at lines 1463--1463
 []\T1/pcr/m/n/10 .get_hook_setting(key, alias = NULL, config_file = NULL, defa
ult = FALSE) 
 []



[36]

[37]

[38]

[39]

[40]

[41]

[42]

[43]

[44]

[45]

[46]

[47]

[48]

[49]
Overfull \hbox (42.78088pt too wide) in paragraph at lines 2105--2105
 []\T1/pcr/m/n/10 .normalize_notebook_name(name, type = c("quarto", "rmarkdown"
, "script")) 
 []



[50]
Overfull \hbox (6.52681pt too wide) in paragraph at lines 2169--2172
[]\T1/ptm/m/n/10 Parses pack-age spec-i-fi-ca-tions that may in-clude ex-plicit
 sources, ver-sion pins, or GitHub/Bioconductor
 []



[51]
Overfull \hbox (36.7804pt too wide) in paragraph at lines 2209--2209
 []\T1/pcr/m/n/9 .parse_package_spec(list(name = "DESeq2", source = "bioc", aut
o_attach = FALSE))[] 
 []



[52]
Overfull \hbox (36.78088pt too wide) in paragraph at lines 2286--2286
 []\T1/pcr/m/n/10 .prompt_ai_support_install(support = "never", assistants = ch
aracter(0)) 
 []



[53]

[54]

[55]
Overfull \hbox (0.78088pt too wide) in paragraph at lines 2437--2437
 []\T1/pcr/m/n/10 .require_driver(driver_name, package_name, install_command = 
NULL) 
 []


Overfull \hbox (6.67805pt too wide) in paragraph at lines 2443--2444
[]\T1/ptm/m/n/10 Character. Human-readable name of the database (e.g., "Post-gr
eSQL", "MySQL") 
 []



[56]

[57]

[58]

[59]

[60]

[61]

[62]

[63]

[64]

[65]
Overfull \hbox (60.78088pt too wide) in paragraph at lines 3024--3024
 []\T1/pcr/m/n/10 add_project_to_config(project_dir, project_name = NULL, proje
ct_type = NULL) 
 []



[66]

[67]
Overfull \hbox (48.78088pt too wide) in paragraph at lines 3096--3096
 []\T1/pcr/m/n/10 ai_regenerate_context(project_path = ".", sections = NULL, ai
_file = NULL) 
 []



[68]
Overfull \hbox (0.78088pt too wide) in paragraph at lines 3136--3136
 []\T1/pcr/m/n/10 ai_sync_context(config_file = NULL, force = FALSE, verbose = 
TRUE) 
 []



[69]

[70]

[71]

[72]

[73]

[74]

[75]

[76]

[77]
Overfull \hbox (4.02647pt too wide) in paragraph at lines 3698--3700
[]\T1/ptm/m/n/10 Interactively con-fig-ure project di-rec-tory struc-ture in se
t-tings.yml (or set-tings.yml for legacy projects).
 []


Overfull \hbox (36.78088pt too wide) in paragraph at lines 3704--3704
 []\T1/pcr/m/n/10 configure_directories(directory = NULL, path = NULL, interact
ive = TRUE) 
 []



[78]

[79]

[80]

[81]

[82]

[83]

[84]
Overfull \hbox (15.20726pt too wide) in paragraph at lines 4136--4138
[]\T1/ptm/m/n/10 Whether to in-clude soft-deleted records (de-fault: FALSE). On
ly ap-plies if deleted_at
 []



[85]
Overfull \hbox (15.20726pt too wide) in paragraph at lines 4178--4180
[]\T1/ptm/m/n/10 Whether to in-clude soft-deleted records (de-fault: FALSE). On
ly ap-plies if deleted_at
 []


Overfull \hbox (22.55609pt too wide) in paragraph at lines 4190--4192
[]\T1/ptm/m/n/10 Inserts a new record into a ta-ble with au-to-matic times-tamp
 han-dling. If the ta-ble has cre-ated_at/updated_at
 []


Overfull \hbox (6.78088pt too wide) in paragraph at lines 4196--4196
 []\T1/pcr/m/n/10 connection_insert(conn, table_name, values, auto_timestamps =
 TRUE) 
 []



[86]

[87]

[88]

[89]
Overfull \hbox (0.60687pt too wide) in paragraph at lines 4430--4432
[]\T1/ptm/m/n/10 Restores a soft-deleted record by set-ting deleted_at to NULL.
 Only works on ta-bles with a deleted_at
 []



[90]
Overfull \hbox (30.78088pt too wide) in paragraph at lines 4485--4485
 []\T1/pcr/m/n/10 connection_update(conn, table_name, id, values, auto_timestam
ps = TRUE) 
 []



[91]

[92]
Overfull \hbox (29.00894pt too wide) in paragraph at lines 4605--4607
[]\T1/ptm/m/n/10 Optional dot no-ta-tion name for the data cat-a-log (e.g., []\
T1/pcr/m/n/10 inputs.raw.survey_data[]\T1/ptm/m/n/10 ).
 []


Overfull \hbox (20.58041pt too wide) in paragraph at lines 4626--4626
 []\T1/pcr/m/n/9 data_add("inputs/raw/survey_results.csv", name = "inputs.raw.s
urvey_results")[] 
 []



[93]

[94]
Overfull \hbox (6.0968pt too wide) in paragraph at lines 4721--4723
[]\T1/ptm/m/n/10 Supports CSV, TSV, RDS, Ex-cel (.xlsx, .xls), Stata (.dta), SP
SS (.sav, .zsav, .por), and SAS (.sas7bdat,
 []



[95]
Overfull \hbox (21.72723pt too wide) in paragraph at lines 4739--4740
[]\T1/ptm/m/n/10 Additional ar-gu-ments passed to read func-tions (readr::read_
delim, readxl::read_excel,
 []


Overfull \hbox (12.78088pt too wide) in paragraph at lines 4750--4750
 []\T1/pcr/m/n/10 df <- cache_remember("my_data", data_read("source.private.exa
mple")) 
 []



[96]
Overfull \hbox (10.11862pt too wide) in paragraph at lines 4800--4801
[]\T1/ptm/m/n/10 Dot no-ta-tion: []\T1/pcr/m/n/10 inputs.raw.filename []\T1/ptm
/m/n/10 re-solves to in-puts/raw/filename.rds 
 []


Overfull \hbox (65.0692pt too wide) in paragraph at lines 4806--4808
[]\T1/ptm/m/n/10 Dot no-ta-tion uses your con-fig-ured di-rec-to-ries (e.g., []
\T1/pcr/m/n/10 inputs.raw[]\T1/ptm/m/n/10 , []\T1/pcr/m/n/10 inputs.intermediat
e[]\T1/ptm/m/n/10 ,
 []



[97]

[98]

[99]

[100]

[101]
LaTeX Font Info:    Trying to load font information for TS1+pcr on input line 5
112.
 (/usr/share/texmf-dist/tex/latex/psnfss/ts1pcr.fd
File: ts1pcr.fd 2001/06/04 font definitions for TS1/pcr.
)
Overfull \hbox (15.18042pt too wide) in paragraph at lines 5112--5112
 []  \T1/pcr/m/n/9 DBI::dbExecute(conn, "INSERT INTO users (name, age) VALUES (
\TS1/pcr/m/n/9 '\T1/pcr/m/n/9 Alice\TS1/pcr/m/n/9 '\T1/pcr/m/n/9 , 30)")[] 
 []


Overfull \hbox (4.38043pt too wide) in paragraph at lines 5113--5113
 []  \T1/pcr/m/n/9 DBI::dbExecute(conn, "INSERT INTO users (name, age) VALUES (
\TS1/pcr/m/n/9 '\T1/pcr/m/n/9 Bob\TS1/pcr/m/n/9 '\T1/pcr/m/n/9 , 25)")[] 
 []



[102]

[103]
Overfull \hbox (47.58038pt too wide) in paragraph at lines 5257--5257
 []\T1/pcr/m/n/9 DBI::dbGetQuery(con, "SELECT name, title FROM functions WHERE 
name LIKE \TS1/pcr/m/n/9 '\T1/pcr/m/n/9 data_%\TS1/pcr/m/n/9 '\T1/pcr/m/n/9 ")[
] 
 []



[104]
LaTeX Info: Symbol \textasciigrave not provided by
            font family pcr in TS1 encoding.
            Default family used instead on input line 5292.
LaTeX Info: Symbol \textasciigrave not provided by
            font family pcr in TS1 encoding.
            Default family used instead on input line 5292.

Overfull \hbox (3.60764pt too wide) in paragraph at lines 5322--5323
[]\T1/pcr/m/n/10 .has_column(PqConnection)[]\T1/ptm/m/n/10 : Post-greSQL im-ple
-men-ta-tion us-ing in-for-ma-tion_schema 
 []

LaTeX Info: Symbol \textasciigrave not provided by
            font family pcr in TS1 encoding.
            Default family used instead on input line 5326.
LaTeX Info: Symbol \textasciigrave not provided by
            font family pcr in TS1 encoding.
            Default family used instead on input line 5326.

Overfull \hbox (20.26793pt too wide) in paragraph at lines 5328--5329
[]\T1/pcr/m/n/10 .has_column(duckdb_connection)[]\T1/ptm/m/n/10 : DuckDB im-ple
-men-ta-tion us-ing in-for-ma-tion_schema 
 []



[105]
LaTeX Info: Symbol \textasciigrave not provided by
            font family pcr in TS1 encoding.
            Default family used instead on input line 5374.
LaTeX Info: Symbol \textasciigrave not provided by
            font family pcr in TS1 encoding.
            Default family used instead on input line 5374.

Overfull \hbox (15.60764pt too wide) in paragraph at lines 5402--5403
[]\T1/pcr/m/n/10 .list_columns(PqConnection)[]\T1/ptm/m/n/10 : Post-greSQL im-p
le-men-ta-tion us-ing in-for-ma-tion_schema 
 []

LaTeX Info: Symbol \textasciigrave not provided by
            font family pcr in TS1 encoding.
            Default family used instead on input line 5406.
LaTeX Info: Symbol \textasciigrave not provided by
            font family pcr in TS1 encoding.
            Default family used instead on input line 5406.


[106]
Overfull \hbox (32.26793pt too wide) in paragraph at lines 5408--5409
[]\T1/pcr/m/n/10 .list_columns(duckdb_connection)[]\T1/ptm/m/n/10 : DuckDB im-p
le-men-ta-tion us-ing in-for-ma-tion_schema 
 []



[107]
Overfull \hbox (10.09682pt too wide) in paragraph at lines 5513--5516
[]\T1/ptm/m/n/10 Provides the base-line .env con-tent that ships with Frame-wor
k. Other helper func-tions (project_create(),
 []



[108]
Overfull \hbox (5.35852pt too wide) in paragraph at lines 5550--5552
[]\T1/ptm/m/n/10 Either a char-ac-ter string (raw .env con-tent) or a list with
 []\T1/pcr/m/n/10 raw []\T1/ptm/m/n/10 and/or []\T1/pcr/m/n/10 variables[]\T1/p
tm/m/n/10 . 
 []



[109]

[110]
Overfull \hbox (59.34842pt too wide) in paragraph at lines 5640--5643
[]\T1/ptm/m/n/10 Returns the path to Frame-work's global con-fig-u-ra-tion di-r
ec-tory. Uses []\T1/pcr/m/n/10 tools::R_user_dir("framework",
 []



[111]

[112]

[113]

[114]
Overfull \hbox (12.78088pt too wide) in paragraph at lines 5882--5882
 []\T1/pcr/m/n/10 git_hooks_install(config_file = NULL, force = FALSE, verbose 
= TRUE) 
 []



[115]

[116]

[117]
Overfull \hbox (138.78088pt too wide) in paragraph at lines 6088--6088
 []  \T1/pcr/m/n/10 extensions = c("csv", "rds", "tsv", "txt", "dat", "xlsx", "
xls", "sqlite", "db", "dta",[] 
 []



[118]
Overfull \hbox (126.78088pt too wide) in paragraph at lines 6089--6089
 []    \T1/pcr/m/n/10 "sav", "zsav", "por", "sas7bdat", "sas7bcat", "xpt", "par
quet", "feather", "arrow",[] 
 []



[119]

[120]
Overfull \hbox (57.04758pt too wide) in paragraph at lines 6259--6262
\T1/ptm/m/n/10 if they don't al-ready ex-ist. Also han-dles mi-gra-tion from pr
e-vi-ous R ver-sions or legacy \T1/pcr/m/n/10 ~/.config/framework
 []



[121]

[122]
Overfull \hbox (21.86911pt too wide) in paragraph at lines 6364--6366
[]\T1/ptm/m/n/10 .R: R script Ex-am-ples: []\T1/pcr/m/n/10 1-init[]\T1/ptm/m/n/
10 , []\T1/pcr/m/n/10 1-init.qmd[]\T1/ptm/m/n/10 , []\T1/pcr/m/n/10 analysis.Rm
d[]\T1/ptm/m/n/10 , []\T1/pcr/m/n/10 script.R 
 []



[123]
Overfull \hbox (129.43037pt too wide) in paragraph at lines 6374--6375
[]\T1/ptm/m/n/10 Checks con-fig []\T1/pcr/m/n/10 default_notebook_format []\T1/
ptm/m/n/10 (or legacy []\T1/pcr/m/n/10 options$default_notebook_format[]\T1/ptm
/m/n/10 ) 
 []


Overfull \hbox (91.99817pt too wide) in paragraph at lines 6380--6382
[]\T1/ptm/m/n/10 Character. Di-rec-tory to cre-ate the file in. Uses your proje
ct's con-fig-ured []\T1/pcr/m/n/10 directories$notebooks
 []


Overfull \hbox (65.55995pt too wide) in paragraph at lines 6383--6386
\T1/ptm/m/n/10 ate cus-tom stubs in \T1/pcr/m/n/10 stubs/notebook-{stub}.qmd\T1
/ptm/m/n/10 , \T1/pcr/m/n/10 stubs/notebook-{stub}.Rmd\T1/ptm/m/n/10 ,
 []


Overfull \hbox (76.62747pt too wide) in paragraph at lines 6431--6432
[]\T1/ptm/m/n/10 Framework stubs: \T1/pcr/m/n/10 inst/stubs/notebook-{stub}.qmd
 \T1/ptm/m/n/10 or \T1/pcr/m/n/10 inst/stubs/notebook-{stub}.Rmd 
 []



[124]
Overfull \hbox (18.78088pt too wide) in paragraph at lines 6492--6492
 []\T1/pcr/m/n/10 make_presentation(name, dir = NULL, overwrite = FALSE, subdir
 = NULL) 
 []


Overfull \hbox (91.99817pt too wide) in paragraph at lines 6500--6502
[]\T1/ptm/m/n/10 Character. Di-rec-tory to cre-ate the file in. Uses your proje
ct's con-fig-ured []\T1/pcr/m/n/10 directories$notebooks
 []



[125]
Overfull \hbox (72.78088pt too wide) in paragraph at lines 6536--6536
 []\T1/pcr/m/n/10 make_qmd(name, dir = NULL, stub = "default", overwrite = FALS
E, subdir = NULL) 
 []


Overfull \hbox (91.99817pt too wide) in paragraph at lines 6544--6546
[]\T1/ptm/m/n/10 Character. Di-rec-tory to cre-ate the file in. Uses your proje
ct's con-fig-ured []\T1/pcr/m/n/10 directories$notebooks
 []



[126]
Overfull \hbox (91.99817pt too wide) in paragraph at lines 6596--6598
[]\T1/ptm/m/n/10 Character. Di-rec-tory to cre-ate the file in. Uses your proje
ct's con-fig-ured []\T1/pcr/m/n/10 directories$notebooks
 []


Overfull \hbox (72.78088pt too wide) in paragraph at lines 6635--6635
 []\T1/pcr/m/n/10 make_rmd(name, dir = NULL, stub = "default", overwrite = FALS
E, subdir = NULL) 
 []



[127]
Overfull \hbox (91.99817pt too wide) in paragraph at lines 6643--6645
[]\T1/ptm/m/n/10 Character. Di-rec-tory to cre-ate the file in. Uses your proje
ct's con-fig-ured []\T1/pcr/m/n/10 directories$notebooks
 []


Overfull \hbox (0.78088pt too wide) in paragraph at lines 6687--6687
 []\T1/pcr/m/n/10 make_script(name, dir = NULL, stub = "default", overwrite = F
ALSE) 
 []



[128]

[129]
Overfull \hbox (14.34094pt too wide) in paragraph at lines 6797--6798
[][][]\T1/pcr/m/n/10 new_project()[][][][]\T1/ptm/m/n/10 , [][][]\T1/pcr/m/n/10
 new_project_sensitive()[][][][]\T1/ptm/m/n/10 , [][][]\T1/pcr/m/n/10 new_prese
ntation()[][][][]\T1/ptm/m/n/10 , [][][]\T1/pcr/m/n/10 new_course()[][][] 
 []



[130]
Overfull \hbox (2.0288pt too wide) in paragraph at lines 6816--6818
[]\T1/ptm/m/n/10 Shorthand for []\T1/pcr/m/n/10 new_project(..., type = "course
")[]\T1/ptm/m/n/10 . Cre-ates a project struc-tured for teach-
 []


Overfull \hbox (18.78088pt too wide) in paragraph at lines 6822--6822
 []\T1/pcr/m/n/10 new_course(name = NULL, location = NULL, browse = interactive
(), ...) 
 []



[131]
Overfull \hbox (54.78088pt too wide) in paragraph at lines 6866--6866
 []\T1/pcr/m/n/10 new_presentation(name = NULL, location = NULL, browse = inter
active(), ...) 
 []



[132]

[133]
Overfull \hbox (25.98041pt too wide) in paragraph at lines 6980--6980
 []\T1/pcr/m/n/9 new_project("medical-study", "~/projects/medical", type = "pro
ject_sensitive")[] 
 []



[134]

[135]

[136]

[137]
Overfull \hbox (11.54759pt too wide) in paragraph at lines 7224--7225
[]\T1/ptm/m/n/10 Character string. Human-readable la-bel for the di-rec-tory (e
.g., "Anal-y-sis Archive"). 
 []



[138]

[139]
Overfull \hbox (30.78088pt too wide) in paragraph at lines 7302--7302
 []  \T1/pcr/m/n/10 ai = list(enabled = FALSE, assistants = c(), canonical_cont
ent = ""),[] 
 []


Overfull \hbox (18.78088pt too wide) in paragraph at lines 7303--7303
 []  \T1/pcr/m/n/10 git = list(use_git = TRUE, hooks = list(), gitignore_conten
t = ""),[] 
 []


Overfull \hbox (108.78088pt too wide) in paragraph at lines 7304--7304
 []  \T1/pcr/m/n/10 scaffold = list(seed_on_scaffold = FALSE, seed = "", set_th
eme_on_scaffold = TRUE,[] 
 []



[140]
Overfull \hbox (55.78767pt too wide) in paragraph at lines 7401--7404
[]\T1/ptm/m/n/10 Upload files or di-rec-to-ries to an S3 bucket. This is the ge
neric pub-lish-ing func-tion - use []\T1/pcr/m/n/10 publish_notebook()
 []



[141]
Overfull \hbox (66.78088pt too wide) in paragraph at lines 7457--7457
 []\T1/pcr/m/n/10 publish_data(data, dest, format = "csv", connection = NULL, c
ompress = FALSE) 
 []



[142]

[143]

[144]
Overfull \hbox (40.53854pt too wide) in paragraph at lines 7618--7620
[]\T1/ptm/m/n/10 Logical. Whether to em-bed all re-sources. De-fault TRUE. Ig-n
ored if []\T1/pcr/m/n/10 static_hosting:
 []



[145]

[146]

[147]
Overfull \hbox (72.75815pt too wide) in paragraph at lines 7788--7790
[]\T1/ptm/m/n/10 Deactivates renv in-te-gra-tion while pre-serv-ing renv.lock f
or fu-ture use. Re-moves the []\T1/pcr/m/n/10 .framework_renv_enabled
 []



[148]

[149]
Overfull \hbox (0.76859pt too wide) in paragraph at lines 7858--7860
[]\T1/ptm/m/n/10 Determines whether renv in-te-gra-tion is ac-tive by check-ing
 for the []\T1/pcr/m/n/10 .framework_renv_enabled
 []



[150]

[151]

[152]

[153]
Overfull \hbox (72.78088pt too wide) in paragraph at lines 8118--8118
 []\T1/pcr/m/n/10 save_model(model, name, format = "rds", public = FALSE, overw
rite = TRUE, ...) 
 []



[154]

[155]
Overfull \hbox (72.78088pt too wide) in paragraph at lines 8229--8229
 []\T1/pcr/m/n/10 save_report(file, name = NULL, public = FALSE, overwrite = TR
UE, move = FALSE) 
 []



[156]
Overfull \hbox (66.78088pt too wide) in paragraph at lines 8273--8273
 []\T1/pcr/m/n/10 save_table(data, name, format = "csv", public = FALSE, overwr
ite = TRUE, ...) 
 []



[157]
Overfull \hbox (4.96693pt too wide) in paragraph at lines 8329--8331
[]\T1/ptm/m/n/10 Path to con-fig-u-ra-tion file. If NULL (de-fault), au-to-mat-
i-cally dis-cov-ers set-tings.yml
 []



[158]

[159]
Overfull \hbox (12.78088pt too wide) in paragraph at lines 8433--8433
 []\T1/pcr/m/n/10 scratch_capture(x, name = NULL, to = NULL, location = NULL, n
 = Inf) 
 []



[160]
Overfull \hbox (84.0pt too wide) in paragraph at lines 8514--8515
[]\T1/ptm/m/n/10 Direct: []\T1/pcr/m/n/10 settings("notebooks") []\T1/ptm/m/n/1
0 checks []\T1/pcr/m/n/10 directories$notebooks[]\T1/ptm/m/n/10 , then []\T1/pc
r/m/n/10 options$notebook_dir 
 []


Overfull \hbox (38.71994pt too wide) in paragraph at lines 8515--8516
[]\T1/ptm/m/n/10 Explicit: []\T1/pcr/m/n/10 settings("directories.notebooks") [
]\T1/ptm/m/n/10 checks only []\T1/pcr/m/n/10 directories$notebooks 
 []



[161]

[162]

[163]

[164]

[165]

[166]

[167]

[168]

[169]

[170]

[171] (/tmp/Rtmpq0KSI8/Rd2pdf3b491c6c33df2d/Rd2.ind

[172]
Overfull \hbox (13.3567pt too wide) in paragraph at lines 9--11
[]| \T1/pcr/m/n/10 .catalog_project_type_defaults\T1/ptm/m/n/10 , 
 []


Overfull \hbox (1.3567pt too wide) in paragraph at lines 20--21
[]| \T1/pcr/m/n/10 .check_private_data_exposure\T1/ptm/m/n/10 , 
 []




Overfull \hbox (7.3567pt too wide) in paragraph at lines 59--61
[]| \T1/pcr/m/n/10 .default_render_dirs_for_type\T1/ptm/m/n/10 , 
 []


Overfull \hbox (31.3567pt too wide) in paragraph at lines 61--63
[]| \T1/pcr/m/n/10 .default_root_render_dir_for_type\T1/ptm/m/n/10 , 
 []


Overfull \hbox (19.3567pt too wide) in paragraph at lines 71--73
[]| \T1/pcr/m/n/10 .framework_catalog_default_path\T1/ptm/m/n/10 , 
 []


Overfull \hbox (1.3567pt too wide) in paragraph at lines 73--74
[]| \T1/pcr/m/n/10 .framework_catalog_user_path\T1/ptm/m/n/10 , 
 []


Overfull \hbox (7.3567pt too wide) in paragraph at lines 76--77
[]| \T1/pcr/m/n/10 .generate_environment_section\T1/ptm/m/n/10 , 
 []


Overfull \hbox (1.3567pt too wide) in paragraph at lines 77--78
[]| \T1/pcr/m/n/10 .generate_function_reference\T1/ptm/m/n/10 , 
 []



[173

]
Overfull \hbox (13.3567pt too wide) in paragraph at lines 82--84
[]| \T1/pcr/m/n/10 .generate_project_type_section\T1/ptm/m/n/10 , 
 []


Overfull \hbox (7.3567pt too wide) in paragraph at lines 94--96
[]| \T1/pcr/m/n/10 .get_notebook_dir_from_config\T1/ptm/m/n/10 , 
 []


Overfull \hbox (7.3567pt too wide) in paragraph at lines 96--98
[]| \T1/pcr/m/n/10 .get_package_list_from_config\T1/ptm/m/n/10 , 
 []


Overfull \hbox (7.3567pt too wide) in paragraph at lines 126--128
[]| \T1/pcr/m/n/10 .migrate_config_from_previous\T1/ptm/m/n/10 , 
 []




Overfull \hbox (19.3567pt too wide) in paragraph at lines 143--145
[]| \T1/pcr/m/n/10 .replace_moustache_placeholders\T1/ptm/m/n/10 , 
 []



[174]


Overfull \hbox (11.3567pt too wide) in paragraph at lines 279--281
[]\T1/pcr/m/n/10 .default_root_render_dir_for_type\T1/ptm/m/n/10 , 
 []



[175]
LaTeX Font Info:    Font shape `T1/pcr/m/it' in size <10> not available
(Font)              Font shape `T1/pcr/m/sl' tried instead on input line 318.




[176]



[177]



[178]) (/tmp/Rtmpq0KSI8/Rd2pdf3b491c6c33df2d/Rd2.aux)
 ***********
LaTeX2e <2024-11-01> patch level 2
L3 programming layer <2025-01-18>
 ***********
Package rerunfilecheck Info: File `Rd2.out' has not changed.
(rerunfilecheck)             Checksum: 74F3FEFF277986296450188EC6EFE4FB;48438.
 ) 
Here is how much of TeX's memory you used:
 12751 strings out of 475171
 198999 string characters out of 5767096
 556377 words of memory out of 5000000
 33540 multiletter control sequences out of 15000+600000
 595598 words of font info for 88 fonts, out of 8000000 for 9000
 14 hyphenation exceptions out of 8191
 92i,6n,95p,405b,737s stack positions out of 10000i,1000n,20000p,200000b,200000s
</usr/share/texmf-dist/fonts/type1/public/amsfonts/cm/cmsy10.pfb></usr/share/
texmf-dist/fonts/type1/public/cm-super/sfrm1000.pfb></usr/share/texmf-dist/font
s/type1/public/cm-super/sftt1000.pfb></usr/share/texmf-dist/fonts/type1/urw/cou
rier/ucrr8a.pfb></usr/share/texmf-dist/fonts/type1/urw/courier/ucrro8a.pfb></us
r/share/texmf-dist/fonts/type1/urw/times/utmb8a.pfb></usr/share/texmf-dist/font
s/type1/urw/times/utmr8a.pfb></usr/share/texmf-dist/fonts/type1/urw/times/utmr8
a.pfb></usr/share/texmf-dist/fonts/type1/urw/times/utmri8a.pfb>
Output written on Rd2.pdf (178 pages, 408631 bytes).
PDF statistics:
 4986 PDF objects out of 5155 (max. 8388607)
 4740 compressed objects within 48 object streams
 2033 named destinations out of 2073 (max. 500000)
 2521 words of extra memory for PDF output out of 10000 (max. 10000000)

